[INFO] Scanning for projects...
[WARNING] 
[WARNING] Some problems were encountered while building the effective model for org.apache.hadoop:hadoop-yarn-server-resourcemanager:jar:3.4.0-SNAPSHOT
[WARNING] 'build.plugins.plugin.version' for org.jsonschema2pojo:jsonschema2pojo-maven-plugin is missing. @ line 448, column 15
[WARNING] 
[WARNING] Some problems were encountered while building the effective model for org.apache.hadoop:hadoop-huaweicloud:jar:3.4.0-SNAPSHOT
[WARNING] 'build.plugins.plugin.version' for org.codehaus.mojo:findbugs-maven-plugin is missing. @ line 62, column 15
[WARNING] 
[WARNING] It is highly recommended to fix these problems because they threaten the stability of your build.
[WARNING] 
[WARNING] For this reason, future Maven versions might no longer support building such malformed projects.
[WARNING] 
[INFO] ------------------------------------------------------------------------
[INFO] Detecting the operating system and CPU architecture
[INFO] ------------------------------------------------------------------------
[INFO] os.detected.name: osx
[INFO] os.detected.arch: x86_64
[INFO] os.detected.version: 10.16
[INFO] os.detected.version.major: 10
[INFO] os.detected.version.minor: 16
[INFO] os.detected.classifier: osx-x86_64
[INFO] ------------------------------------------------------------------------
[INFO] Reactor Build Order:
[INFO] 
[INFO] Apache Hadoop Main                                                 [pom]
[INFO] Apache Hadoop Build Tools                                          [jar]
[INFO] Apache Hadoop Project POM                                          [pom]
[INFO] Apache Hadoop Annotations                                          [jar]
[INFO] Apache Hadoop Assemblies                                           [jar]
[INFO] Apache Hadoop Project Dist POM                                     [pom]
[INFO] Apache Hadoop Maven Plugins                               [maven-plugin]
[INFO] Apache Hadoop MiniKDC                                              [jar]
[INFO] Apache Hadoop Auth                                                 [jar]
[INFO] Apache Hadoop Auth Examples                                        [war]
[INFO] Apache Hadoop Common                                               [jar]
[INFO] Apache Hadoop NFS                                                  [jar]
[INFO] Apache Hadoop KMS                                                  [jar]
[INFO] Apache Hadoop Registry                                             [jar]
[INFO] Apache Hadoop Common Project                                       [pom]
[INFO] Apache Hadoop HDFS Client                                          [jar]
[INFO] Apache Hadoop HDFS                                                 [jar]
[INFO] Apache Hadoop HDFS Native Client                                   [jar]
[INFO] Apache Hadoop HttpFS                                               [jar]
[INFO] Apache Hadoop HDFS-NFS                                             [jar]
[INFO] Apache Hadoop YARN                                                 [pom]
[INFO] Apache Hadoop YARN API                                             [jar]
[INFO] Apache Hadoop YARN Common                                          [jar]
[INFO] Apache Hadoop YARN Server                                          [pom]
[INFO] Apache Hadoop YARN Server Common                                   [jar]
[INFO] Apache Hadoop YARN ApplicationHistoryService                       [jar]
[INFO] Apache Hadoop YARN Timeline Service                                [jar]
[INFO] Apache Hadoop YARN Web Proxy                                       [jar]
[INFO] Apache Hadoop YARN ResourceManager                                 [jar]
[INFO] Apache Hadoop YARN NodeManager                                     [jar]
[INFO] Apache Hadoop YARN Server Tests                                    [jar]
[INFO] Apache Hadoop YARN Client                                          [jar]
[INFO] Apache Hadoop MapReduce Client                                     [pom]
[INFO] Apache Hadoop MapReduce Core                                       [jar]
[INFO] Apache Hadoop MapReduce Common                                     [jar]
[INFO] Apache Hadoop MapReduce Shuffle                                    [jar]
[INFO] Apache Hadoop MapReduce App                                        [jar]
[INFO] Apache Hadoop MapReduce HistoryServer                              [jar]
[INFO] Apache Hadoop MapReduce JobClient                                  [jar]
[INFO] Apache Hadoop Distributed Copy                                     [jar]
[INFO] Apache Hadoop Mini-Cluster                                         [jar]
[INFO] Apache Hadoop Federation Balance                                   [jar]
[INFO] Apache Hadoop HDFS-RBF                                             [jar]
[INFO] Apache Hadoop HDFS Project                                         [pom]
[INFO] Apache Hadoop YARN SharedCacheManager                              [jar]
[INFO] Apache Hadoop YARN Timeline Plugin Storage                         [jar]
[INFO] Apache Hadoop YARN TimelineService HBase Backend                   [pom]
[INFO] Apache Hadoop YARN TimelineService HBase Common                    [jar]
[INFO] Apache Hadoop YARN TimelineService HBase Client                    [jar]
[INFO] Apache Hadoop YARN TimelineService HBase Servers                   [pom]
[INFO] Apache Hadoop YARN TimelineService HBase Server 1.2                [jar]
[INFO] Apache Hadoop YARN TimelineService HBase tests                     [jar]
[INFO] Apache Hadoop YARN Router                                          [jar]
[INFO] Apache Hadoop YARN TimelineService DocumentStore                   [jar]
[INFO] Apache Hadoop YARN Applications                                    [pom]
[INFO] Apache Hadoop YARN DistributedShell                                [jar]
[INFO] Apache Hadoop YARN Unmanaged Am Launcher                           [jar]
[INFO] Apache Hadoop YARN Services                                        [pom]
[INFO] Apache Hadoop YARN Services Core                                   [jar]
[INFO] Apache Hadoop YARN Services API                                    [jar]
[INFO] Apache Hadoop YARN Application Catalog                             [pom]
[INFO] Apache Hadoop YARN Application Catalog Webapp                      [war]
[INFO] Apache Hadoop YARN Application Catalog Docker Image                [pom]
[INFO] Apache Hadoop YARN Application MaWo                                [pom]
[INFO] Apache Hadoop YARN Application MaWo Core                           [jar]
[INFO] Apache Hadoop YARN Site                                            [pom]
[INFO] Apache Hadoop YARN Registry                                        [jar]
[INFO] Apache Hadoop YARN UI                                              [pom]
[INFO] Apache Hadoop YARN CSI                                             [jar]
[INFO] Apache Hadoop YARN Project                                         [pom]
[INFO] Apache Hadoop MapReduce HistoryServer Plugins                      [jar]
[INFO] Apache Hadoop MapReduce NativeTask                                 [jar]
[INFO] Apache Hadoop MapReduce Uploader                                   [jar]
[INFO] Apache Hadoop MapReduce Examples                                   [jar]
[INFO] Apache Hadoop MapReduce                                            [pom]
[INFO] Apache Hadoop MapReduce Streaming                                  [jar]
[INFO] Apache Hadoop Client Aggregator                                    [jar]
[INFO] Apache Hadoop Dynamometer Workload Simulator                       [jar]
[INFO] Apache Hadoop Dynamometer Cluster Simulator                        [jar]
[INFO] Apache Hadoop Dynamometer Block Listing Generator                  [jar]
[INFO] Apache Hadoop Dynamometer Dist                                     [jar]
[INFO] Apache Hadoop Dynamometer                                          [pom]
[INFO] Apache Hadoop Archives                                             [jar]
[INFO] Apache Hadoop Archive Logs                                         [jar]
[INFO] Apache Hadoop Rumen                                                [jar]
[INFO] Apache Hadoop Gridmix                                              [jar]
[INFO] Apache Hadoop Data Join                                            [jar]
[INFO] Apache Hadoop Extras                                               [jar]
[INFO] Apache Hadoop Pipes                                                [pom]
[INFO] Apache Hadoop OpenStack support                                    [jar]
[INFO] Apache Hadoop Amazon Web Services support                          [jar]
[INFO] Apache Hadoop Kafka Library support                                [jar]
[INFO] Apache Hadoop Azure support                                        [jar]
[INFO] Apache Hadoop Aliyun OSS support                                   [jar]
[INFO] Apache Hadoop Scheduler Load Simulator                             [jar]
[INFO] Apache Hadoop Resource Estimator Service                           [jar]
[INFO] Apache Hadoop Azure Data Lake support                              [jar]
[INFO] Apache Hadoop Image Generation Tool                                [jar]
[INFO] Apache Hadoop Tools Dist                                           [jar]
[INFO] Apache Hadoop Tools                                                [pom]
[INFO] Apache Hadoop Client API                                           [jar]
[INFO] Apache Hadoop Client Runtime                                       [jar]
[INFO] Apache Hadoop Client Packaging Invariants                          [pom]
[INFO] Apache Hadoop Client Test Minicluster                              [jar]
[INFO] Apache Hadoop Client Packaging Invariants for Test                 [pom]
[INFO] Apache Hadoop Client Packaging Integration Tests                   [jar]
[INFO] Apache Hadoop Distribution                                         [jar]
[INFO] Apache Hadoop Client Modules                                       [pom]
[INFO] Apache Hadoop Tencent COS Support                                  [jar]
[INFO] Apache Hadoop OBS support                                          [jar]
[INFO] Apache Hadoop Cloud Storage                                        [jar]
[INFO] Apache Hadoop Cloud Storage Project                                [pom]
[INFO] 
[INFO] -------------------< org.apache.hadoop:hadoop-main >--------------------
[INFO] Building Apache Hadoop Main 3.4.0-SNAPSHOT                       [1/112]
[INFO] --------------------------------[ pom ]---------------------------------
[INFO] 
[INFO] --- maven-enforcer-plugin:3.0.0-M1:enforce (clean) @ hadoop-main ---
